<?xml version="1.0" encoding="UTF-8"?>
<!-- Generated by org.testng.reporters.JUnitXMLReporter -->
<testsuite ignored="2" hostname="DESKTOP-6HF8NB3" failures="0" tests="2" name="Default test" time="44.66" errors="0" timestamp="2026-05-07T15:14:06 IST">
  <testcase classname="rahulshettyacademy.test.SubmitOrderTest" name="submitOrder" time="18.109"/>
  <testcase classname="rahulshettyacademy.test.SubmitOrderTest" name="submitOrder" time="18.189"/>
  <testcase classname="rahulshettyacademy.test.SubmitOrderTest" name="OrderHistoryTest" time="0.0">
    <ignored/>
  </testcase> <!-- OrderHistoryTest -->
  <testcase classname="rahulshettyacademy.test.SubmitOrderTest" name="submitOrder2" time="0.0">
    <ignored/>
  </testcase> <!-- submitOrder2 -->
</testsuite> <!-- Default test -->
