<?xml version="1.0" encoding="UTF-8"?>
<!-- Generated by org.testng.reporters.JUnitXMLReporter -->
<testsuite ignored="0" hostname="DESKTOP-6HF8NB3" failures="0" tests="5" name="Submit Order Test" time="94.205" errors="0" timestamp="2026-05-07T15:41:17 IST">
  <testcase classname="rahulshettyacademy.test.SubmitOrderTest" name="submitOrder" time="18.472"/>
  <testcase classname="rahulshettyacademy.test.SubmitOrderTest" name="submitOrder" time="18.44"/>
  <testcase classname="rahulshettyacademy.test.SubmitOrderTest" name="submitOrder2" time="18.263"/>
  <testcase classname="rahulshettyacademy.test.SubmitOrderTest" name="submitOrder2" time="18.349"/>
  <testcase classname="rahulshettyacademy.test.SubmitOrderTest" name="OrderHistoryTest" time="0.932"/>
</testsuite> <!-- Submit Order Test -->
