<?xml version="1.0" encoding="UTF-8"?>
<!-- Generated by org.testng.reporters.JUnitXMLReporter -->
<testsuite ignored="0" hostname="DESKTOP-6HF8NB3" failures="0" tests="5" name="Submit Order Test" time="95.283" errors="0" timestamp="2026-05-07T15:32:45 IST">
  <testcase classname="rahulshettyacademy.test.SubmitOrderTest" name="submitOrder" time="18.506"/>
  <testcase classname="rahulshettyacademy.test.SubmitOrderTest" name="submitOrder" time="18.66"/>
  <testcase classname="rahulshettyacademy.test.SubmitOrderTest" name="submitOrder2" time="18.088"/>
  <testcase classname="rahulshettyacademy.test.SubmitOrderTest" name="submitOrder2" time="17.699"/>
  <testcase classname="rahulshettyacademy.test.SubmitOrderTest" name="OrderHistoryTest" time="0.859"/>
</testsuite> <!-- Submit Order Test -->
