<?xml version="1.0" encoding="UTF-8"?>
<!-- Generated by org.testng.reporters.JUnitReportReporter -->
<testsuite hostname="DESKTOP-6HF8NB3" failures="0" tests="5" name="rahulshettyacademy.test.SubmitOrderTest" time="95.016" errors="0" timestamp="2026-05-07T15:33:07 IST" skipped="0">
  <testcase classname="rahulshettyacademy.test.SubmitOrderTest" name="submitOrder2" time="21.558"/>
  <testcase classname="rahulshettyacademy.test.SubmitOrderTest" name="submitOrder2" time="20.323"/>
  <testcase classname="rahulshettyacademy.test.SubmitOrderTest" name="submitOrder" time="25.705"/>
  <testcase classname="rahulshettyacademy.test.SubmitOrderTest" name="OrderHistoryTest" time="4.258"/>
  <testcase classname="rahulshettyacademy.test.SubmitOrderTest" name="submitOrder" time="23.172"/>
</testsuite> <!-- rahulshettyacademy.test.SubmitOrderTest -->
